[   0.0000]Initlizincgoup ubys cset
[  00000 Initialiincgrop bsys cpu
[    0.000000] Initalzinggrup sbs cpuacct[   .000000] Linux version 4.4.0-112-generi (build@w01-amd6410 (gccveion 5.4.02060609 Ubtu 5.40-ubunu16.045) #135-Ubuu MP Fri Jan 19 11:48:36 UTC 2018 (Ubuntu 4.4.0-112.135-generic 4.4.98)
[    .00000] Commandine: BOTMAGE=/boovminz-4.0-112-neic root=LABEL=clodimg-rot ro onole=tty1coole=ttyS0[   0.000] KRN supord cpus
   0.000000]   Intel Gennentel
[    000000  MD AuthenticAMD
[    0.000000]   Centaur CentaurHauls
[    0.000000] x86/fpu: xstate_offset[2]:  576, xstate_sizes[2]:  256
[    0.000000] x86/fpu: Supporting XSAVE feature 0x01: 'x87 floating point registers'
[    0.000000] x86/fpu: Supporting XSAVE feature 0x02: 'SSE registers'
[    0.000000] x86/fpu: Supporting XSAVE feature 0x04: 'AVX registers'
[    0.000000] x86/fpu: Enabled xstate features 0x7, context size is 832 bytes, using 'standard' format.
[    0.0000] x86/fpu: Using 'lazy' FPU context switches.
[    0.000000] e820: BIOS-provided physical RAM map:
[    0.000000] BIOS-e820: [mem 0x0000000000000000-00000000009fbff] usable
[    0.000000] BIOS-e820: [mem 0x000000000009fc00-0x000000000009ffff] reserved
[    0.000000] BIOS-e820: [mem 0x00000000000f0000-0x00000000000ffff reserved
[    0.000000] BIOS-e820: [mem 0x0000000000100000-0x000000003ffeffff] usable
[    0.000000] BIOS-e820: [mem 0x000000003fff0000-0x000000003fffffff] ACPI data
[    0.000000] BIOS-e820: [mem 0x00000000fec00000-0x00000000fec00fff] reserved
[    0.0000] BIOS-20 [mem 0x00000000fee00000-0x0000000fe00fff] reserved
[    0.000000] BIOS-e820: [mem 0x00000000fffc0000-0x00000000ffffffff] reserved
[    0.000000] NX (Execute Disable) protection: active
[    0.000000] SMBIOS 2.5 present.
[    0.000000] Hypervisor detected: KVM
[    0.000000] e820: last_pfn = 0x3fff0 x_arch_pfn = 0400000000
   0.000000MTR: Dsaed
[  000000]86/PAT MRs dsaed, skippig ATintilization too.
[    0.000000] CPU MTRRs all blank - virtualized system.
[    0.000000] x86/PAT: Configuration [0-7]: WB  WT  UC- UC  WB  WT  UC- UC  
[    0.000000] found SMP MP-table at [mem 0x0009fff0-0x0009ffff] mapped at [ffff88000009fff0]
[    0.000000] Scanning 1 areas for low memory corruption
[    0.000000] RAMDISK: [mem 0x36adc000-x3565fff]
[   0.000000] ACPI: arly tblchecsuverifaton disabed
[   0.000000]ACPI: RSP x0000000000E0000000024 (v02 BO  )[   0.000] ACP: DT 00000003FF30 003C(v01VBX  VBOXSD0000000 A  0000061
[    00000] ACP: CP 00000003FFF0 000F4(v04 BOX   VBOXFACP 00000001 ASL  00000061)
[    0.000000] ACPI: DSDT 0x000000003FFF0470 0021FF (v02 VBOX   VBOXBIOS 00000002 INTL 2000528)
[    0.000000] ACPI: FACS 0x000000003FFF0200 000040
[    0.000000] ACPI: FACS 0x000000003FFF0200 000040
[    0.000000] ACPI: APIC 0x000000003FFF0240 00005C (v02 VBOX   VBOXAPIC 00000001 ASL  00000061)
[    0.000000] ACPI: SSDT 0x000000003FFF02A0 0001CC (v01 VBOX   VBOXCPUT 00000002 INTL 20100528)
[    0.000000] No NUMA configuraiofound
[    0.000000] Faking a node a [m 0x0000000000000-00000003ffff]
[    0.000000] NODE_DATA(0) allocated [mem 0x3ffeb000-0x3ffeffff]
[    0.000000] kvm-clock: Using msrs 4b5d01 a 4564d00
[    0.000000] kvm-clock: cpu 0, msr 0:3ffe3001, primary cpu clock
[    0.000000] kvm-clock: using sched offset of 3160595097 cycles
[    0.000000] clocksource:kvclock: mask: 0xfffffffffffff x_yces0x1cd44dfb, m_ile_s:815905983ns
[    0.000000] Zone ranges:
[    0.000000]   DMA      [mem 0x0000000000001000-0x0000000000ffffff]
[    0.000000]   DMA32    [emx0000000010000-x00000003fefff]
[   000000]  oral empty    00000]   Deve  empty
[   .00000]Moableon sta fr ea nde
[   00000]arly moy node ranges
[    0.00000]   od  0:[mm 0x000000000100-00000000009efff]
[   0.00000]  node   0 [em 0x00000000010000-0000003fefff]
[  .000000 Itmem stu nod 0mem 0x0000000010-0x0000003ffff]
[    00000] API P-Timr O ort: 0x408
[   .000000 IAPC[: apc_d , verson2, adrs 0xec000, GI 23
  0.0000 ACP: T_SR_O (bus  bs_rq 0glal_irq 2 dfl dfl)
[    0.000000] ACPI: INT_SRC_OV(bus0 s_ir 9lobal_ir 9ow leel
[    0.0000] singCPI (MDT for SMP configuration information[   0.000000] mpoot:Alowng 2 CUs0 hotplug CPUs
[    0.000000] PM: Registered nosave memory: [mem 0x00000000-0x00000fff]
[    0.000000] PM: Registered nosave memory: [mem 0x0009f000-0x0009ffff]
[    0.000000] PM: Registered nosave memory: [mem 0x000a0000-0x000effff]
[  0.00000] PM: Registered nosave memory: [mem 0x000f0000-000fff
[   .00000] 20 [mem0x00000-0xfbffff aailaleor PCIdeces[   00000] Btig paravirtualized kernel on KVM
[    0.000000] clocksource: refined-jiffies: mask: 0xffffffff max_cycles: 0xffffffff, max_idle_ns: 7645519600211568 ns
[    0.000000] setup_percpu: NR_CPUS:512 nr_cpumask_bits:512 nr_cpu_ids:2 _node_ids:1
    0.00000] PERCPU: Embedded 34 pages/cpu @ffff88003fc000 s99544 r8192 d31528 u1048576
[    0.000000] PV qspinlock hah able entries: 256 (order: 0, 4096 bytes)
[    0.000000] Built 1 zonelists in Node order, mobility grouping on.  Total pages: 257913
[    0.000000] Policy zone: DMA32
[    0.000000] Kernel command line: BOT_IMAGE=/boot/vmlinuz-4.4.0-112-generic root=LABEL=cloudimg-rootfs ro console=tty1 console=ttyS0
[    0.000000] PID hash table entries: 4096 (order: 3, 32768 bytes)
[    0.000000] Memory: 1001740K/1048120K available (8499K kernel code, 1309K rwdata, 3988K rodata, 1508K init, 1316K bss, 46380K reserved, 0K a-eserved)
[    0.000000] SLUB: HWalign=64, Order=0-3, MinObjects=0, CPUs=2, Nodes=1
[    0.000000] Kernel/User page tables isolation: enabled
[    0.000000] Hierarchical RCU implementation.
[    0.000000] 	Build-time adjustment of leaf fanout to 64.
[    0.000000] 	RCU restricting CPUs from NR_CPUS=512 to nr_cpu_ids=2.
    0.000000] RCU: Adjstng omtry forc_fano_laf=4, nr_cpu_i=2
[    0.000000] NR_IRQS:33024 nr_irqs:440 16
[    0.000000] Console: colour VGA+ 80x25
[    0.000000] console [tty1] enabled
[    0.000000] console [ttyS0] enabled
[    0.000000] tsc: Detected 1599.999 MHz processor
[   10.912704] Calibrating delay loop (skipped) preset value.. 3199.99 BogoMIPS (pj639996)
[   10.960822] pid_max: default: 32768 minimum: 301
[   10.993712] ACPI: Core revision 20150930
[   11.055922] ACPI: 2 ACPI AML tables successfully acquired and loaded
[   11.146494] Security Framework initialized
[   11.185511] Yama: becoming mindful.
[   11.241140] AppArmor: AppArmor initialized
[   11.301578] Dentry cache hash table entries: 131072 (order: 8, 1048576 bytes)
[   11.406767] Inode-cache hash table entries: 65536 (order: 7, 524288 bytes)
[   11.414082] Mount-cache hash table entries: 2048 (order: 2, 16384 bytes)
[   11.417105] Mountpoint-cache hash table entries: 2048 (order: 2, 16384 bytes)
[   11.469090] Initializing cgroup subsys io
[   11.530552] Initializing cgroup subsys memory
[   11.581576] Initializing cgroup subsys devices
[   11.652658] Initializing cgroup subsys freezer
[   11.708750] Initializing cgroup subsys net_cls
[   11.772871] Initializing cgroup subsys perf_event
[   11.816606] Initializing cgroup subsys net_prio
[   11.817629] Initializing cgroup subsys hugetlb
[   11.888720] Initializing cgroup subsys pids
[   11.956486] CPU: Physical Processor ID: 0
[   11.961341] CPU: Processor Core ID: 0
[   11.962357] FEATURE SPEC_CTRL Not Present
[   11.964642] mce: CPU supports 0 MCE banks
[   12.029462] Last level iTLB entries: 4KB 64, 2MB 8, 4MB 8
[   12.031251] Last level dTLB entries: 4KB 64, 2MB 0, 4MB 0, 1GB 4
[   12.093394] Freeing SMP alternatives memory: 32K
[   12.103326] ftrace: allocating 32180 entries in 126 pages
[   12.195776] smpboot: APIC(0) Converting physical 0 to logical package 0
[   12.292748] smpboot: Max logical packages: 1
[   12.313080] x2apic enabled
[   12.364938] Switched APIC routing to physical x2apic.
[   12.461876] ..TIMER: vector=0x30 apic1=0 pin1=2 apic2=-1 pin2=-1
[   12.620081] smpboot: CPU0: Intel(R) Core(TM) i5-5250U CPU @ 1.60GHz (family: 0x6, model: 0x3d, stepping: 0x4)
[   12.672494] Performance Events: unsupported p6 CPU model 61 no PMU driver, software events only.
[   12.717286] KVM setup paravirtual spinlock
[   12.775480] x86: Booting SMP configuration:
[   12.831122] .... node  #0, CPUs:      #1
[   12.871069] kvm-clock: cpu 1, msr 0:3ffe3041, secondary cpu clock
[   12.875902] mce: CPU supports 0 MCE banks
[   12.894334] x86: Booted up 1 node, 2 CPUs
[   12.935757] smpboot: Total of 2 processors activated (6399.99 BogoMIPS)
[   13.007933] devtmpfs: initialized
[   13.048918] evm: security.selinux
[   13.090991] evm: security.SMACK64
[   13.126562] evm: security.SMACK64EXEC
[   13.163096] evm: securitt.SMACK64TRANSMUTE
[   13.197489] evm: security.SMACK64MMAP
[   13.216915] evm: security.ima
[   13.251307] evm: security.capability
[   13.279100] clocksource: jiffies: mask: 0xffffffff max_cycles: 0xffffffff, max_idle_ns: 7645041785100000 ns
[   13.356610] futex hash table entries: 512 (order: 3, 32768 bytes)
[   13.404569] pinctrl core: initialized pinctrl subsystem
[   13.444975] RTC time: 14:13:48, date: 02/06/18
[   13.446737] NET: Registered protocol family 16
[   13.461316] cpuidle: using governor ladder
[   13.517142] cpuidle: using governor menu
[   13.544032] PCCT header not found.
[   13.575302] ACPI: bus type PCI registered
[   13.623109] acpiphp: ACPI Hot Plug PCI Controller Driver version: 0.5
[   13.672706] PCI: Using configuration type 1 for base access
[   13.701076] ACPI: Added _OSI(Module Device)
[   13.716237] ACPI: Added _OSI(Processor Device)
[   13.747899] ACPI: Added _OSI(3.0 _SCP Extensions)
[   13.756849] ACPI: Added _OSI(Processor Aggregator Device)
[   13.792993] ACPI: Executed 1 blocks of module-level executable AML code
[   13.865616] ACPI: Interpreter enabled
[   13.908191] ACPI: (supports S0 S5)
[   13.939581] ACPI: Using IOAPIC for interrupt routing
[   13.999263] PCI: Using host bridge windows from ACPI; if necessary, use "pci=nocrs" and report a bug
[   14.064613] ACPI: PCI Root Bridge [PCI0] (domain 0000 [bus 00-ff])
[   14.108161] acpi PNP0A03:00: _OSC: OS supports [ASPM ClockPM Segments MSI]
[   14.164582] acpi PNP0A03:00: _OSC: not requesting OS control; OS requires [ExtendedConfig ASPM ClockPM MSI]
[   14.247489] acpi PNP0A03:00: fail to add MMCONFIG information, can't access extended PCI configuration space under this bridge.
[   14.359239] PCI host bridge to bus 0000:00
[   14.385318] pci_bus 0000:00: root bus resource [io  0x0000-0x0cf7 window]
[   14.457770] pci_bus 0000:00: root bus resource [io  0x0d00-0xffff window]
[   14.504944] pci_bus 0000:00: root bus resource [mem 0x000a0000-0x000bffff window]
[   14.512966] pci_bus 0000:00: root bus resource [mem 0x40000000-0xfdffffff window]
[   14.581171] pci_bus 0000:00: root bus resource [bus 00-ff]
[   14.597605] pci 0000:00:01.1: legacy IDE quirk: reg 0x10: [io  0x01f0-0x01f7]
[   14.663037] pci 0000:00:01.1: legacy IDE quirk: reg 0x14: [io  0x03f6]
[   14.740572] pci 0000:00:01.1: legacy IDE quirk: reg 0x18: [io  0x0170-0x0177]
[   14.785320] pci 0000:00:01.1: legacy IDE quirk: reg 0x1c: [io  0x0376]
[   14.826244] pci 0000:00:07.0: quirk: [io  0x4000-0x403f] claimed by PIIX4 ACPI
[   14.900493] pci 0000:00:07.0: quirk: [io  0x4100-0x410f] claimed by PIIX4 SMB
[   14.977482] ACPI: PCI Interrupt Link [LNKA] (IRQs 5 9 10 *11)
[   14.985650] ACPI: PCI Interrupt Link [LNKB] (IRQs 5 9 *10 11)
[   15.034115] ACPI: PCI Interrupt Link [LNKC] (IRQs 5 *9 10 11)
[   15.084531] ACPI: PCI Interrupt Link [LNKD] (IRQs 5 9 10 *11)
[   15.118574] ACPI: Enabled 2 GPEs in block 00 to 07
[   15.164873] vgaarb: setting as boot device: PCI:0000:00:02.0
[   15.210796] vgaarb: device added: PCI:0000:00:02.0,decodes=io+mem,owns=io+mem,locks=none
[   15.284275] vgaarb: loaded
[   15.313167] vgaarb: bridge control possible 0000:00:02.0
[   15.317255] SCSI subsystem initialized
[   15.350884] ACPI: bus type USB registered
[   15.392632] usbcore: registered new interface driver usbfs
[   15.424855] usbcore: registered new interface driver hub
[   15.465027] usbcore: registered new device driver usb
[   15.497026] PCI: Using ACPI for IRQ routing
[   15.548587] NetLabel: Initializing
[   15.551490] NetLabel:  domain hash size = 128
[   15.556369] NetLabel:  protocols = UNLABELED CIPSOv4
[   15.557632] NetLabel:  unlabeled traffic allowed by default
[   15.612133] amd_nb: Cannot enumerate AMD northbridges
[   15.662922] clocksource: Switched to clocksource kvm-clock
[   5.559] AppArmor: ppmor Filesystem Enabled
[   15.910453] pnp: PnP ACPI init
[  15.9150 p: P PIfod dece

[   16.467259] clocksource: acpi_pm: mask: 0xffffff max_cycles: 0xffffff, max_idle_ns: 2085701024 ns
[   16.629569] NET: Registered protocol family 2
[   16.679927] TCP established hash table entries: 8192 (order: 4, 65536 bytes)
[   16.768910] TCP bind hash table entries: 8192 (order: 5, 131072 bytes)
[   16.802655] TCP: Hash tables configured (established 8192 bind 8192)
[   16.858726] UDP hash table entries: 512 (order: 2, 16384 bytes)
[   16.971252] UDP-Lite hash table entries: 512 (order: 2, 16384 bytes)
[   17.029392] NET: Registered protocol family 1
[   17.046311] pci 0000:00:00.0: Limiting direct PCI/PCI transfers
[   17.064548] pci 0000:00:01.0: Activating ISA DMA hang workarounds
[   17.075931] Unpacking initramfs...
[   19.117577] Freeing initrd memory: 10792K
[   19.171619] RAPL PMU detected, API unit is 2^-32 Joules, 4 fixed counters 10737418240 ms ovfl timer
[   19.259619] hw unit of domain pp0-core 2^-0 Joules
[   19.270942] hw unit of domain package 2^-0 Joules
[   19.283275] hw unit of domain dram 2^-0 Joules
[   19.291739] hw unit of domain pp1-gpu 2^-0 Joules
[   19.313984] platform rtc_cmos: registered platform RTC device (no PNP device found)
[   19.408328] Scanning for low memory corruption every 60 seconds
[   19.481021] audit: initializing netlink subsys (disabled)
[   19.529003] audit: type=2000 audit(1517926424.083:1): initialized
[   19.581717] Initialise system trusted keyring
[   19.663846] HugeTLB registered 2 MB page size, pre-allocated 0 pages
[   19.760330] zbud: loaded
[   19.804843] VFS: Disk quotas dquot_6.6.0
[   19.850822] VFS: Dquot-cache hash table entries: 512 (order 0, 4096 bytes)
[   19.976595] squashfs: version 4.0 (2009/01/31) Phillip Lougher
[   20.049504] fuse init (API version 7.23)
[   20.071878] Key type big_key registered
[   20.128579] Allocating IMA MOK and blacklist keyrings.
[   20.236287] Key type asymmetric registered
[   20.268878] Asymmetric key parser 'x509' registered
[   20.298900] Block layer SCSI generic (bsg) driver version 0.4 loaded (major 249)
[   20.301089] io scheduler noop registered
[   20.305046] io scheduler deadline registered (default)
[   20.339817] tsc: Refined TSC clocksource calibration: 1600.185 MHz
[   20.373890] clocksource: tsc: mask: 0xffffffffffffffff max_cycles: 0x1710d3a900c, max_idle_ns: 440795225958 ns
[   20.374015] io scheduler cfq registered
ÿ[   20.374263] pci_hotplug: PCI Hot Plug PCI Core version: 0.5
[   20.374300] pciehp: PCI Express Hot Plug Controller Driver version: 0.4
[   20.374734] ACPI: AC Adapter [AC] (off-line)
[   20.374815] input: Power Button as /devices/LNXSYSTM:00/LNXPWRBN:00/input/input0
[   20.374819] ACPI: Power Button [PWRF]
[   20.374921] input: Sleep Button as /devices/LNXSYSTM:00/LNXSLPBN:00/input/input1
[   20.374923] ACPI: Sleep Button [SLPF]
[   20.376570] ACPI: Battery Slot [BAT0] (battery present)
[   20.376634] GHES: HEST is not enabled!
[   20.391752] Serial: 8250/16550 driver, 32 ports, IRQ sharing enabled
[   20.420397] 00:02: ttyS0 at I/O 0x3f8 (irq = 4, base_baud = 115200) is a 16550A
[   20.432257] Linux agpgart interface v0.103
[   20.461175] loop: module loaded
[   20.461778] scsi host0: ata_piix
[   20.461835] scsi host1: ata_piix
[   20.461867] ata1: PATA max UDMA/33 cmd 0x1f0 ctl 0x3f6 bmdma 0xd000 irq 14
[   20.461867] ata2: PATA max UDMA/33 cmd 0x170 ctl 0x376 bmdma 0xd008 irq 15
[   20.461945] libphy: Fixed MDIO Bus: probed
[   20.461947] tun: Universal TUN/TAP device driver, 1.6
[   20.461947] tun: (C) 1999-2004 Max Krasnyansky <maxk@qualcomm.com>
[   20.462308] PPP generic driver version 2.4.2
[   20.462488] ehci_hcd: USB 2.0 'Enhanced' Host Controller (EHCI) Driver
[   20.462494] ehci-pci: EHCI PCI platform driver
[   20.462534] ehci-platform: EHCI generic platform driver
[   20.462548] ohci_hcd: USB 1.1 'Open' Host Controller (OHCI) Driver
[   20.462552] ohci-pci: OHCI PCI platform driver
[   20.462564] ohci-platform: OHCI generic platform driver
[   20.462574] uhci_hcd: USB Universal Host Controller Interface driver
[   20.462657] i8042: PNP: PS/2 Controller [PNP0303:PS2K,PNP0f03:PS2M] at 0x60,0x64 irq 1,12
[   20.463783] serio: i8042 KBD port at 0x60,0x64 irq 1
[   20.463793] serio: i8042 AUX port at 0x60,0x64 irq 12
[   20.463996] mousedev: PS/2 mouse device common for all mice
[   20.464432] input: AT Translated Set 2 keyboard as /devices/platform/i8042/serio0/input/input2
[   20.464953] rtc_cmos rtc_cmos: rtc core: registered rtc_cmos as rtc0
[   20.465582] rtc_cmos rtc_cmos: alarms up to one day, 114 bytes nvram
[   20.465608] i2c /dev entries driver
[   20.465701] device-mapper: uevent: version 1.0.3
[   20.465843] device-mapper: ioctl: 4.34.0-ioctl (2015-10-28) initialised: dm-devel@redhat.com
[   20.465869] ledtrig-cpu: registered to indicate activity on CPUs
[   20.466634] NET: Registered protocol family 10
[   20.466858] NET: Registered protocol family 17
[   20.466873] Key type dns_resolver registered
[   20.467150] microcode: CPU0 sig=0x306d4, pf=0x40, revision=0x0
[   20.477448] microcode: CPU1 sig=0x306d4, pf=0x40, revision=0x0
[   20.477509] microcode: Microcode Update Driver: v2.01 <tigran@aivazian.fsnet.co.uk>, Peter Oruba
[   20.477642] registered taskstats version 1
[   20.477655] Loading compiled-in X.509 certificates
[   20.478599] Loaded X.509 cert 'Build time autogenerated kernel key: 4c603087bab8f0a02cb3b4e1fb4c40f507e71ef1'
[   20.478644] zswap: loaded using pool lzo/zbud
[   20.481956] Key type trusted registered
[   20.485583] Key type encrypted registered
[   20.485591] AppArmor: AppArmor sha1 policy hashing enabled
[   20.485596] ima: No TPM chip found, activating TPM-bypass!
[   20.485618] evm: HMAC attrs: 0x1
[   20.485981]   Magic number: 6:78:232
[   20.488918] rtc_cmos rtc_cmos: setting system clock to 2018-02-06 14:13:55 UTC (1517926435)
[   20.489003] BIOS EDD facility v0.16 2004-Jun-25, 0 devices found
[   20.489003] EDD information not available.
[   22.833583] Freeing unused kernel memory: 1508K
[   22.889064] Write protecting the kernel read-only data: 14336k
[   22.959301] Freeing unused kernel memory: 1728K
[   23.868144] Freeing unused kernel memory: 108K
Loading, please wait...
[   23.938938] random: systemd-udevd: uninitialized urandom read (16 bytes read, 9 bits of entropy available)
starting version 229
[   23.939763] random: udevadm: uninitialized urandom read (16 bytes read, 9 bits of entropy available)
[   23.939793] random: udevadm: uninitialized urandom read (16 bytes read, 9 bits of entropy available)
[   23.952296] random: udevadm: uninitialized urandom read (16 bytes read, 9 bits of entropy available)
[   23.952352] random: udevadm: uninitialized urandom read (16 bytes read, 9 bits of entropy available)
[   23.952541] random: udevadm: uninitialized urandom read (16 bytes read, 9 bits of entropy available)
[   23.952615] random: udevadm: uninitialized urandom read (16 bytes read, 9 bits of entropy available)
[   23.952686] random: udevadm: uninitialized urandom read (16 bytes read, 9 bits of entropy available)
[   23.952762] random: udevadm: uninitialized urandom read (16 bytes read, 9 bits of entropy available)
[   23.952833] random: udevadm: uninitialized urandom read (16 bytes read, 9 bits of entropy available)
[   24.509019] e1000: Intel(R) PRO/1000 Network Driver - version 7.3.21-k8-NAPI
[   24.516741] e1000: Copyright (c) 1999-2006 Intel Corporation.
[   24.531518] Fusion MPT base driver 3.04.20
[   24.542237] Copyright (c) 1999-2008 LSI Corporation
[   24.558899] AVX2 version of gcm_enc/dec engaged.
[   24.565632] AES CTR mode by8 optimization enabled
[   24.583433] Fusion MPT SPI Host driver 3.04.20
[   24.751101] input: ImExPS/2 Generic Explorer Mouse as /devices/platform/i8042/serio1/input/input4
[   24.921669] e1000 0000:00:03.0 eth0: (PCI:33MHz:32-bit) 02:db:14:78:b4:e6
[   25.005257] e1000 0000:00:03.0 eth0: Intel(R) PRO/1000 Network Connection
[   25.624412] e1000 0000:00:08.0 eth1: (PCI:33MHz:32-bit) 08:00:27:f9:4f:17
[   25.678958] e1000 0000:00:08.0 eth1: Intel(R) PRO/1000 Network Connection
[   25.712809] mptbase: ioc0: Initiating bringup
[   25.789483] e1000 0000:00:03.0 enp0s3: renamed from eth0
[   25.816943] e1000 0000:00:08.0 enp0s8: renamed from eth1
[   25.957852] ioc0: LSI53C1030 A0: Capabilities={Initiator}
[[  27.191823] scsi host2: ioc0: LSI53C1030 A0, FwRev=00000000h, Ports=1, MaxQ=256, IRQ=20
[   27.652125] floppy0: no floppy controllers found
[   27.772455] scsi 2:0:0:0: Direct-Access     VBOX     HARDDISK         1.0  PQ: 0 ANSI: 5
[   27.814656] scsi target2:0:0: Beginning Domain Validation
[   27.834314] scsi target2:0:0: Domain Validation skipping write tests
[   27.847652] scsi target2:0:0: Ending Domain Validation
[   27.864367] scsi target2:0:0: asynchronous
[   27.900580] scsi 2:0:1:0: Direct-Access     VBOX     HARDDISK         1.0  PQ: 0 ANSI: 5
[   27.931758] scsi target2:0:1: Beginning Domain Validation
[   27.950218] scsi target2:0:1: Domain Validation skipping write tests
[   27.971170] scsi target2:0:1: Ending Domain Validation
[   27.981169] scsi target2:0:1: asynchronous
[   27.999800] sd 2:0:0:0: Attached scsi generic sg0 type 0
[   27.999936] sd 2:0:0:0: [sda] 20971520 512-byte logical blocks: (10.7 GB/10.0 GiB)
[   28.000239] sd 2:0:0:0: [sda] Write Protect is off
[   28.000383] sd 2:0:0:0: [sda] Incomplete mode parameter data
[   28.000384] sd 2:0:0:0: [sda] Assuming drive cache: write through
[   28.001649]  sda: sda1
[   28.002462] sd 2:0:0:0: [sda] Attached SCSI disk
[   28.234470] sd 2:0:1:0: [sdb] 20480 512-byte logical blocks: (10.5 MB/10.0 MiB)
[   28.275079] sd 2:0:1:0: Attached scsi generic sg1 type 0
[   28.655709] sd 2:0:1:0: [sdb] Write Protect is off
[   28.728578] sd 2:0:1:0: [sdb] Incomplete mode parameter data
[   28.768003] sd 2:0:1:0: [sdb] Assuming drive cache: write through
[   28.830694] sd 2:0:1:0: [sdb] Attached SCSI disk
Begin: Loading e[   30.280904] md: linear personality registered for level -1
ssential drivers[   30.320619] md: multipath personality registered for level -4
 ... [   30.398248] md: raid0 personality registered for level 0
[   30.419995] md: raid1 personality registered for level 1
[   30.550994] raid6: sse2x1   gen()  6864 MB/s
[   30.679095] raid6: sse2x1   xor()  6038 MB/s
[   30.795193] raid6: sse2x2   gen() 10180 MB/s
[   30.911100] raid6: sse2x2   xor()  6264 MB/s
[   31.023122] raid6: sse2x4   gen() 11619 MB/s
[   31.151276] raid6: sse2x4   xor()  8186 MB/s
[   31.259487] raid6: avx2x1   gen() 15954 MB/s
[   31.375163] raid6: avx2x2   gen() 17278 MB/s
[   31.447250] raid6: avx2x4   gen() 18372 MB/s
[   31.507930] raid6: using algorithm avx2x4 gen() 18372 MB/s
[   31.536053] raid6: using avx2x2 recovery algorithm
[   31.559883] xor: automatically using best checksumming function:
[   31.610982]    avx       : 10781.000 MB/sec
[   31.659053] async_tx: api initialized (async)
[   31.701179] md: raid6 personality registered for level 6
[   31.711537] md: raid5 personality registered for level 5
[   31.765561] md: raid4 personality registered for level 4
[   31.810963] md: raid10 personality registered for level 10
done.
Begin: Running /scripts/init-premount ... done.
Begin: M[   31.897943] Btrfs loaded
ounting root file system ... Begin: Running /scripts/local-top ... done.
Begin: Running /scripts/local-premount ... Scanning for Btrfs filesystems
done.
Warning: fsck no[   31.998503] EXT4-fs (sda1): mounted filesystem with ordered data mode. Opts: (null)
t present, so skipping root file system
done.
Begin: Running /scripts/local-bottom ... done.
Begin: Running /scripts/init-bottom ... done.
[   32.245645] systemd[1]: systemd 229 running in system mode. (+PAM +AUDIT +SELINUX +IMA +APPARMOR +SMACK +SYSVINIT +UTMP +LIBCRYPTSETUP +GCRYPT +GNUTLS +ACL +XZ -LZ4 +SECCOMP +BLKID +ELFUTILS +KMOD -IDN)
[   32.482433] systemd[1]: Detected virtualization oracle.
[   32.499454] systemd[1]: Detected architecture x86-64.

Welcome to [1mUbuntu 16.04.3 LTS[0m!

[   32.632251] systemd[1]: Set hostname to <ubuntu>.
[   32.646332] systemd[1]: Initializing machine ID from random generator.
[   32.669455] systemd[1]: Installed transient /etc/machine-id file.
[   32.840969] systemd[1]: Listening on udev Kernel Socket.
[[0;32m  OK  [0m] Listening on udev Kernel Socket.
[   32.871598] systemd[1]: Listening on Journal Audit Socket.
[[0;32m  OK  [0m] Listening on Journal Audit Socket.
[   32.927845] systemd[1]: Listening on LVM2 poll daemon socket.
[[0;32m  OK  [0m] Listening on LVM2 poll daemon socket.
[   33.019589] systemd[1]: Reached target User and Group Name Lookups.
[[[0;32m  OK  [0m] Reached target User and Group Name Lookups.
[   33.084817] systemd[1]: Created slice User and Session Slice.
[[0;32m  OK  [0m] Created slice User and Session Slice.
[   33.212015] systemd[1]: Started Forward Password Requests to Wall Directory Watch.
[[0;32m  OK  [0m] Started Forward Password Req[   33.387066] random: nonblocking pool is initialized
uests to Wall Directory Watch.
[   34.660246] systemd[1]: Created slice System Slice.
[[0;32m  OK  [0m] Created slice System Slice.
[   34.766783] systemd[1]: Listening on LVM2 metadata daemon socket.
[[0;32m  OK  [0m] Listening on LVM2 metadata daemon socket.
[   34.859839] systemd[1]: Reached target Slices.
[[0;32m  OK  [0m] Reached target Slices.
[   34.915797] systemd[1]: Listening on Journal Socket.
[[0;32m  OK  [0m] Listening on Journal Socket.
[   34.951181] systemd[1]: Mounting POSIX Message Queue File System...
         Mounting POSIX Message Queue File System...
[   34.989299] systemd[1]: Starting Nameserver information manager...
         Starting Nameserver information manager...
[   35.119636] systemd[1]: Starting Remount Root and Kernel File Systems...
[   35.123834] EXT4-fs (sda1): re-mounted. Opts: (null)
         Starting Remount Root and Kernel File Systems...
[   35.287993] systemd[1]: Listening on /dev/initctl Compatibility Named Pipe.
[[0;32m  OK  [0m] Listening on /dev/initctl Compatibility Named Pipe.
[   35.363662] systemd[1]: Started Trigger resolvconf update for networkd DNS.
[[0;32m  OK  [0m] Started Trigger resolvconf update for networkd DNS.
[   35.511629] systemd[1]: Starting Load Kernel Modules...
[   355164LoiniSI traspt asv2.0-870.

         Starting Load Kernel Mo[   36.018249] iscsi: registered transport (tcp)
dules...
[   36.075374] systemd[1]: Listening on Journal Socket (/dev/log).
[[0;32m  OK  [0m] Listening on Journal Socket [   36.133885] iscsi: registered transport (iser)
(/dev/log).
[   36.195560] systemd[1]: Reached target Encrypted Volumes.
[[0;32m  OK  [0m] Reached target Encrypted Volumes.
[   36.231967] systemd[1]: Listening on Device-mapper event daemon FIFOs.
[[0;32m  OK  [0m] Listening on Device-mapper event daemon FIFOs.
[   36.359663] systemd[1]: Starting Monitoring of LVM2 mirrors, snapshots etc. using dmeventd or progress polling...
         Starting Monitoring of LVM2 mirrors... dmeventd or progress polling...
[   36.507609] systemd[1]: Listening on udev Control Socket.
[[0;32m  OK  [0m] Listening on udev Control Socket.
[   36.711857] systemd[1]: Starting Uncomplicated firewall...
         Starting Uncomplicated firewall...
[   36.755487] systemd[1]: Reached target Swap.
[[0;32m  OK  [0m] Reached target Swap.
[   36.787859] systemd[1]: Created slice system-serial\x2dgetty.slice.
[[0;32m  OK  [0m] Created slice system-serial\x2dgetty.slice.
[   36.879763] systemd[1]: Starting Set console keymap...
         Starting Set console keymap...
[   36.943574] systemd[1]: Listening on Syslog Socket.
[[0;32m  OK  [0m] Listening on Syslog Socket.
[   36.995921] systemd[1]: Starting Journal Service...
         Starting Journal Service...
[   37.059655] systemd[1]: Starting Create list of required static device nodes for the current kernel...
         Starting Create list of required st... nodes for the current kernel...
[   37.146000] systemd[1]: Mounting Debug File System...
         Mounting Debug File System...
[   37.181282] systemd[1]: Set up automount Arbitrary Executable File Formats File System Automount Point.
[[0;32m  OK  [0m] Set up automount Arbitrary Executab...ats File System Automount Point.
[   37.267405] systemd[1]: Mounting Huge Pages File System...
         Mounting Huge Pages File System...
[   37.406307] systemd[1]: Mounted POSIX Message Queue File System.
[[0;32m  OK  [0m] Mounted POSIX Message Queue File System.
[   37.511887] systemd[1]: Mounted Debug File System.
[[0;32m  OK  [0m] Mounted Debug File System.
[   37.627450] systemd[1]: Mounted Huge Pages File System.
[[0;32m  OK  [0m] Mounted Huge Pages File System.
[   37.768304] systemd[1]: Started Journal Service.
[[0;32m  OK  [0m] Started Journal Service.
[[0;32m  OK  [0m] Started Remount Root and Kernel File Systems.
[[0;32m  OK  [0m] Started Load Kernel Modules.
[[0;32m  OK  [0m] Started Uncomplicated firewall.
[[0;32m  OK  [0m] Started Set console keymap.
[[0;32m  OK  [0m] Started Create list of required sta...ce nodes for the current kernel.
[[0;32m  OK  [0m] Started Nameserver information manager.
[[0;32m  OK  [0m] Started LVM2 metadata daemon.
         Starting Create Static Device Nodes in /dev...
         Mounting FUSE Control File System...
         Starting Apply Kernel Variables...
         Starting Initial cloud-init job (pre-networking)...
         Starting udev Coldplug all Devices...
         Starting Load/Save Random Seed...
         Starting Flush Journal to Persistent Storage...
[[0;32m  OK  [0m] Mounted FUSE Control File System.
[[0;32m  OK  [0m] Started Create Static Device Nodes in /dev.
[[0;32m  OK  [0m] Started Apply Kernel Variables.
[[0;32m  OK  [0m] Started Load/Save Random Seed.
[[0;32m  OK  [0m] Started udev Coldplug all Devices.
[[0;32m  OK  [0m] Started Flush Journal to Persistent Storage.
[[0;32m  OK  [0m] Started Monitoring of LVM2 mirrors,...ng dmeventd or progress polling.
         Starting udev Kernel Device Manager...
[[0;32m  OK  [0m] Started udev Kernel Device Manager.
[[0;32m  OK  [0m] Started Dispatch Password Requests to Console Directory Watch.
[[0;32m  OK  [0m] Reached target Local File Systems (Pre).
[[0;32m  OK  [0m] Reached target Local File Systems.
         Starting LSB: AppArmor initialization...
         Starting Create Volatile Files and Directories...
         Starting Commit a transient machine-id on disk...
         Starting Set console font and keymap...
         Starting Tell Plymouth To Write Out Runtime Data...
[[0;32m  OK  [0m] Started Create Volatile Files and Directories.
[[0;32m  OK  [0m] Started Commit a transient machine-id on disk.
[[0;32m  OK  [0m] Started Tell Plymouth To Write Out Runtime Data.
         Starting Update UTMP about System Boot/Shutdown...
[[0;32m  OK  [0m] Reached target System Time Synchronized.
[[0;32m  OK  [0m] Started Update UTMP about System Boot/Shutdown.
[[0;32m  OK  [0m] Found device /dev/ttyS0.
[   24.589442] cloud-init[453]: Cloud-init v. 17.1 running 'init-local' at Tue, 06 Feb 2018 14:14:13 +0000. Up 23.84 seconds.
[[0;32m  OK  [0m] Started Initial cloud-init job (pre-networking).
[[0;32m  OK  [0m] Reached target Network (Pre).
[[0;32m  OK  [0m] Listening on Load/Save RF Kill Switch Status /dev/rfkill Watch.
[[0;32m  OK  [0m] Started LSB: AppArmor initialization.
         Starting Raise network interfaces...
[[0;32m  OK  [0m] Started Set console font and keymap.
[[0;32m  OK  [0m] Created slice system-getty.slice.
[[0;32m  OK  [0m] Started Raise network interfaces.
         Starting Initial cloud-init job (metadata service crawler)...
[[0;32m  OK  [0m] Reached target Network.
[   28.814257] cloud-init[962]: Cloud-init v. 17.1 running 'init' at Tue, 06 Feb 2018 14:14:17 +0000. Up 27.54 seconds.
[   28.889220] cloud-init[962]: ci-info: ++++++++++++++++++++++++++++++++++++++Net device info++++++++++++++++++++++++++++++++++++++
[   28.920992] cloud-init[962]: ci-info: +--------+-------+----------------------------+---------------+-------+-------------------+
[[0;32m  OK  [0m] Started Initial cloud-init job (metadata service crawler).
[   28.994652] [cloud-init[0;32m  OK  [0m[962]: ] ci-info: | Device |   Up  |          Address           |      Mask     | Scope |     Hw-Address    |Reached target System Initialization.

[[0;32m  OK  [0m] Started ACPI Events Check.
[[0;32m  OK  [0m] Reached target Paths.
[[0;32m  OK  [0m] Started Daily Cleanup of Temporary Directories.
[   29.046247] cloud-init[962]: ci-info: +--------+-------+----------------------------+---------------+-------+-------------------+
         Starting Socket activation for snappy daemon.
[[0;32m  OK  [0m] Started Timer to automatically refresh installed snaps.
[   29.153019] cloud-init[962]: ci-info: | enp0s3 |  True |         10.0.2.15          | 255.255.255.0 |   .   | 02:db:14:78:b4:e6 |
[   29.201092]          Starting LXD - unix socket.
[[0;32m  OK  [0m] Listening on D-Bus System Message Bus Socket.
cloud-init[962]: ci-info: | enp0s3 |  True | fe80::db:14ff:fe78:b4e6/64 |       .       |  link | 02:db:14:78:b4:e6 |
[   29.211762] [[0;32m  OK  [0m] Listening on ACPID Listen Socket.
[[0;32m  OK  [0m] Listening on UUID daemon activation socket.
cloud-init[962]: ci-info: | enp0s8 | False |             .              |       .       |   .   | 08:00:27:f9:4f:17 |
[[0;32m  OK  [0m] Reached target Cloud-config availability.
[   29.258885] [[0;32m  OK  [0m] Reached target Network is Online.
[[0;32m  OK  [0m] Started Daily apt download activities.
[[0;32m  OK  [0m] Started Daily apt upgrade and clean activities.
[[0;32m  OK  [0m] Reached target Timers.
cloud-init[962]: ci-info: |   lo   |  True |         127.0.0.1          |   255.0.0.0   |   .   |         .         |
[   29.295433] cloud-init[962]: ci-info: |   lo   |  True |          ::1/128           |       .       |  host |         .         |
[   29.325584] cloud-init[962]: ci-info: +--------+-------+----------------------------+---------------+-------+-------------------+
         Starting iSCSI initiator daemon (iscsid)...
[[0;32m  OK  [0m] Listening on Socket activation for snappy daemon.
[   29.336269] cloud-init[962]: ci-info: +++++++++++++++++++++++++++Route IPv4 info++++++++++++++++++++++++++++
[   29.406534] cloud-init[962]: ci-info: +-------+-------------+----------+---------------+-----------+-------+
[[0;32m  OK  [0m] Listening on LXD - unix socket.
[   29.458180] cloud-init[962]: ci-info: | Route | Destination | Gateway  |    Genmask    | Interface | Flags |
[   29.520541] cloud-init[962]: ci-info: +-------+-------------+----------+---------------+-----------+-------+
[   29.565645] cloud-init[962]: ci-info: |   0   |   0.0.0.0   | 10.0.2.2 |    0.0.0.0    |   enp0s3  |   UG  |
[[0;32m  OK  [0m] Started iSCSI initiator daemon (iscsid).
[   29.586486] cloud-init[962]: ci-info: |   1   |   10.0.2.0  | 0.0.0.0  | 255.255.255.0 |   enp0s3  |   U   |
[   29.652635]          cloud-initStarting Login to default iSCSI targets...[962]: 
ci-info: +-------+-------------+----------+---------------+-----------+-------+
[[0;32m  OK  [0m] Reached target Sockets.
[[0;32m  OK  [0m] Reached target Basic System.
[[0;32m  OK  [0m] Started Unattended Upgrades Shutdown.
[   29.759961] cloud-init[962]: Generating public/private rsa key pair.
[   29.820866] cloud-init[962]: Your identification has been saved in /etc/ssh/ssh_host_rsa_key.
[[0;32m  OK  [0m] Started ACPI event daemon.
[   29.873844] cloud-init[962]: Your public key has been saved in /etc/ssh/ssh_host_rsa_key.pub.
         Starting System Logging Service...
[   29.947587] cloud-init[962]: The key fingerprint is:
[   30.052518] cloud-init[962]: SHA256:13M8K7TZQRkjXzg5uTAJYyQ4T5iAoaLnhhzry48lyA8 root@ubuntu-xenial
[   30.112543] cloud-init[962]: The key's randomart image is:
[   30.140682] cloud-init[962]: +---[RSA 2048]----+
         Starting /etc/rc.local Compatibility...
[   30.180748] cloud-init[962]: |  .o.. +..=...o+.|
[   30.244239]          cloud-initStarting Pollinate to seed the pseudo random number generator...[962]: 
| ..   = .o .+o*= |
[   30.316580] cloud-init[962]: |o      +     o++ |
         Starting LSB: MD monitoring daemon...
[   30.317423] cloud-init[962]: |o       .  . o.  |
[   30.413026] [cloud-init[0;32m  OK  [0m[962]: ] |...     S . + =  |Started FUSE filesystem for LXC.

[   30.413982] cloud-init[962]: |++o      . . * + |
[   30.440276] cloud-init[962]: |oEo.        + o  |
[   30.472547] cloud-init[962]: |o.*          .   |
         Starting Snappy daemon...
[   30.500275] cloud-init[962]: | =oo             |
[   30.518685] cloud-init[962]: +----[SHA256]-----+
         Starting LXD - container startup/shutdown...
[   30.542733] cloud-init[962]: Generating public/private dsa key pair.
[[0;32m  OK  [0m] Started Regular background program processing daemon.
[   30.577745] cloud-init[962]: Your identification has been saved in /etc/ssh/ssh_host_dsa_key.
[   30.603419] cloud-init[962]: Your public key has been saved in /etc/ssh/ssh_host_dsa_key.pub.
[   30.638905]          Starting Accounts Service...
cloud-init[962]: The key fingerprint is:
[   30.672522] cloud-init[962]: SHA256:vVfgvlwgp1mTwaCka8qmrU5KCqZ62nzev7Oub9UZd0Y root@ubuntu-xenial
[   30.672987] cloud-init[962]: The key's randomart image is:
[   30.673371] cloud-init[962]: +---[DSA 1024]----+
[   30.673617] cloud-init[962]: |        . .      |
[   30.673855] cloud-init[962]: |       o . o    E|
[   30.674237] cloud-init[962]: |      . .   +  . |
[   30.674469] cloud-init[962]: |       . . ..+. o|
[   30.674700] cloud-init[962]: |      o S o.B+.o |
[   30.674930] cloud-init[962]: |   . o    .Oo+   |
[   30.675172] cloud-init[962]: |.o. +    .+ o .  |
[   30.675333] cloud-init[962]: |*=.+..  o  o o   |
[   30.675477] cloud-init[962]: |B+*+o o**+  o    |
[   30.675632] cloud-init[962]: +----[SHA256]-----+
[   30.675910] cloud-init[962]: Generating public/private ecdsa key pair.
[[0;32m  OK  [0m] Started Deferred execution scheduler.
[   30.677165] cloud-init[962]: Your identification has been saved in /etc/ssh/ssh_host_ecdsa_key.
         Starting Login Service...
[   30.887190] cloud-init[962]: Your public key has been saved in /etc/ssh/ssh_host_ecdsa_key.pub.
[[0;32m  OK  [0m] Started D-Bus System Message Bus.
[   30.968227] cloud-init[962]: The key fingerprint is:
[   31.076567]          cloud-initStarting Apply the settings specified in cloud-config...[962]: 
SHA256:FXqkSsiCdzQ7xA+as/hM2Ks9S5CmRGopvgP9JKWbQeY root@ubuntu-xenial
         Starting LSB: Record successful boot for GRUB...
[[0;32m  OK  [0m] Started System Logging Service.
[   31.236282] cloud-init[962]: The key's randomart image is:
[[0;32m  OK  [0m] Started Snappy daemon.
[[0;32m  OK  [0m[   31.328066] cloud-init[962]: +---[ECDSA 256]---+
[   31.356904] cloud-init[962]: |   .+     o      |
[   31.357171] cloud-init[962]: | . +o+   + .     |
[   31.357573] cloud-init[962]: |..oo*o. o o      |
[   31.357999] cloud-init[962]: |ooBo.o.. o       |
[   31.358302] cloud-init[962]: |=& =  . S        |
[   31.358490] cloud-init[962]: |@.E .            |
[   31.358740] cloud-init[962]: |o=.O             |
[   31.359237] cloud-init[962]: | +O .            |
[   31.359479] cloud-init[962]: |.o+o             |
] Started /etc/rc.local Compatibility.
[[0;32m  OK  [0m] Started Pollinate to seed the pseudo random number generator.
[[0;32m  OK  [0m] Started LXD - container startup/shutdown.
[   31.359708] cloud-init[962]: +----[SHA256]-----+
[   31.620679] cloud-init[962]: Generating public/private ed25519 key pair.
[   31.660693] cloud-init[962]: Your identification has been saved in /etc/ssh/ssh_host_ed25519_key.
[   31.678181] cloud-init[962]: Your public key has been saved in /etc/ssh/ssh_host_ed25519_key.pub.
[[0;32m  OK  [0m] Started Login to default iSCSI targets.
[[0;32m  OK  [0m] Started LSB: MD monitoring daemon.
[   31.720604] cloud-init[962]: The key fingerprint is:
[   31.829971] cloud-init[962]: SHA256:XBvQ9T2GWszygvLpbzt+KoAsptojbmhBpRwrcqljUu0 root@ubuntu-xenial
[   31.892577] cloud-init[962]: The key's randomart image is:
[[0;32m  OK  [0m] Started LSB: Record successful boot for GRUB.
[   31.928301] cloud-init[962]: +--[ED25519 256]--+
[[0;32m  OK  [0m] Started Login Service.
[   31.995919] cloud-init[962]: |        .. ..    |
         Starting Authenticate and Authorize Users to Run Privileged Tasks...
[   32.059642] cloud-init[962]: | . .     .. o... |
[   32.087803] cloud-init[962]: |. =o      o. =.o.|
[[0;32m  OK  [0m] Reached target Remote File Systems (Pre).
[[0;32m  OK  [0m] Reached target Remote File Systems.
[   32.088011] cloud-init[962]: |o=+ .  . ..o= . .|
[   32.176550] cloud-init[962]: |++ .. ..S..o .   |
         Starting LSB: VirtualBox Linux Additions...
[   32.201312] cloud-init[962]: |+o oEo .o . .    |
[   32.237967] cloud-init[962]: |+.+ .   .o       |
[   32.254275]          Starting LSB: daemon to balance interrupts for SMP systems...
cloud-init[962]: |o=.     .. o .   |
         Starting Permit User Sessions...
[   32.293535] cloud-init[962]: |*o..     .===    |
[   32.325761] cloud-init[962]: +----[SHA256]-----+
         Starting LSB: automatic crash report generation...
         Starting LSB: Set the CPU Frequency Scaling governor to "ondemand"...
         Starting OpenBSD Secure Shell server...
[[0;32m  OK  [0m] Started Permit User Sessions.
[[0;32m  OK  [0m] Started Authenticate and Authorize Users to Run Privileged Tasks.
[[0;32m  OK  [0m] Started Accounts Service.
[   32.460734] [[0;32m  OK  [0m] Started OpenBSD Secure Shell server.
cloud-init[1163]: Generating locales (this might take a while)...
[[0;32m  OK  [0m] Started LSB: daemon to balance interrupts for SMP systems.
         Starting Hold until boot process finishes up...
         Starting Terminate Plymouth Boot Screen...
[[0;32m  OK  [0m] Started LSB: automatic crash report generation.
[[0;32m  OK  [0m] Started LSB: VirtualBox Linux Additions.
[[0;32m  OK  [0m] Started LSB: Set the CPU Frequency Scaling governor to "ondemand".
[[0;32m  OK  [0m] Started Hold until boot process finishes up.
[[0;32m  OK  [0m] Started Terminate Plymouth Boot Screen.
[[0;32m  OK  [0m] Created slice User Slice of vagrant.
         Starting User Manager for UID 1000...
[[0;32m  OK  [0m] Started Session 1 of user vagrant.
[[0;32m  OK  [0m] Started Getty on tty1.
[[0;32m  OK  [0m] Started Serial Getty on ttyS0.
[[0;32m  OK  [0m] Reached target Login Prompts.
         Starting Set console scheme...
[[0;32m  OK  [0m] Reached target Multi-User System.
[[0;32m  OK  [0m] Reached target Graphical Interface.
         Starting Update UTMP about System Runlevel Changes...
[[0;32m  OK  [0m] Started User Manager for UID 1000.
[[0;32m  OK  [0m] Started Set console scheme.
[[0;32m  OK  [0m] Started Update UTMP about System Runlevel Changes.
[   33.389606] cloud-init[1163]:   en_US.UTF-8... done
[   33.413014] cloud-init[1163]: Generation complete.
[   33.992163] cloud-init[1163]: Cloud-init v. 17.1 running 'modules:config' at Tue, 06 Feb 2018 14:14:21 +0000. Up 31.72 seconds.
[[0;32m  OK  [0m] Started Apply the settings specified in cloud-config.
         Starting Execute cloud user/final scripts...
ci-info: no authorized ssh keys fingerprints found for user ubuntu.
<14>Feb  6 14:14:24 ec2: 
<14>Feb  6 14:14:24 ec2: #############################################################
<14>Feb  6 14:14:24 ec2: -----BEGIN SSH HOST KEY FINGERPRINTS-----
<14>Feb  6 14:14:24 ec2: 1024 SHA256:vVfgvlwgp1mTwaCka8qmrU5KCqZ62nzev7Oub9UZd0Y root@ubuntu-xenial (DSA)
<14>Feb  6 14:14:24 ec2: 256 SHA256:FXqkSsiCdzQ7xA+as/hM2Ks9S5CmRGopvgP9JKWbQeY root@ubuntu-xenial (ECDSA)
<14>Feb  6 14:14:24 ec2: 256 SHA256:XBvQ9T2GWszygvLpbzt+KoAsptojbmhBpRwrcqljUu0 root@ubuntu-xenial (ED25519)
<14>Feb  6 14:14:24 ec2: 2048 SHA256:13M8K7TZQRkjXzg5uTAJYyQ4T5iAoaLnhhzry48lyA8 root@ubuntu-xenial (RSA)
<14>Feb  6 14:14:24 ec2: -----END SSH HOST KEY FINGERPRINTS-----
<14>Feb  6 14:14:24 ec2: #############################################################
-----BEGIN SSH HOST KEY KEYS-----
ecdsa-sha2-nistp256 AAAAE2VjZHNhLXNoYTItbmlzdHAyNTYAAAAIbmlzdHAyNTYAAABBBBSbINaGrXpniXSV8LOlvE2A8PmZxY7SM6UWHDsLZzwWSuA2IdJoPddkh9B3aVfcvuQEEELPBLOZGP5mjAOfWI8= root@ubuntu-xenial
ssh-ed25519 AAAAC3NzaC1lZDI1NTE5AAAAINrxXmRSyGV+/o2orOwOEjVeM0Hrcw1rrdqlkUuWTk1Y root@ubuntu-xenial
ssh-rsa AAAAB3NzaC1yc2EAAAADAQABAAABAQC6LreTs1LNS9ZwCdc2SAm5Wn0w04AV1axkuU/GO3tCm2ri4Ityo34kgM29QiSg99C+QRT02cr9Uvu8ECvNr8OgjVlsaCwAHO3xwvz92DdJyeWQ/MrlTYkKCqzW5MFYkEclElH79XEeQFro4V1oi62cokl+oGoaRLf/Rrmdxq9ybmZwJ6Casx2pzj4qz4MqK7LsCQYSmSsV1uc7U891IP6zPxAg4SB9JerVSkO7LnhVnhedeOynApIS4NOBuj4UAlUrGWZ0S6qyxXy4UpbipAjmBe9iuMNIMNpJDiRKaGURIAJ/A8FnAk6LoeZt42OUdblY84YIErXjaSiMo9D8CL9D root@ubuntu-xenial
-----END SSH HOST KEY KEYS-----
[   35.095661] cloud-init[1397]: Cloud-init v. 17.1 running 'modules:final' at Tue, 06 Feb 2018 14:14:24 +0000. Up 34.51 seconds.
[   35.102627] cloud-init[1397]: ci-info: no authorized ssh keys fingerprints found for user ubuntu.
[   35.140689] cloud-init[1397]: Cloud-init v. 17.1 finished at Tue, 06 Feb 2018 14:14:25 +0000. Datasource DataSourceNoCloud [seed=/dev/sdb][dsmode=net].  Up 35.07 seconds
[[0;32m  OK  [0m] Started Execute cloud user/final scripts.
         Stopping User Manager for UID 1000...
[[0;32m  OK  [0m] Reached target Cloud-init target.
[[0;32m  OK  [0m] Stopped User Manager for UID 1000.

Ubuntu 16.04.3 LTS ubuntu-xenial ttyS0

ubuntu-xenial login: 